<?xml version="1.0" encoding="UTF-8"?>
<testng-results skipped="0" failed="0" ignored="0" total="1" passed="1">
  <reporter-output>
  </reporter-output>
  <suite name="Suite" duration-ms="5788" started-at="2019-03-17T06:27:21Z" finished-at="2019-03-17T06:27:27Z">
    <groups>
    </groups>
    <test name="Test" duration-ms="5788" started-at="2019-03-17T06:27:21Z" finished-at="2019-03-17T06:27:27Z">
      <class name="com.TestCases.Tc01_GetPlaceDetails_GogleMaps">
        <test-method status="PASS" signature="getPlaceDetails()[pri:0, instance:com.TestCases.Tc01_GetPlaceDetails_GogleMaps@4f30ec]" name="getPlaceDetails" duration-ms="4612" started-at="2019-03-17T06:27:22Z" finished-at="2019-03-17T06:27:26Z">
          <reporter-output>
          </reporter-output>
        </test-method> <!-- getPlaceDetails -->
      </class> <!-- com.TestCases.Tc01_GetPlaceDetails_GogleMaps -->
    </test> <!-- Test -->
  </suite> <!-- Suite -->
</testng-results>
